
Running node-supervisor with
  program 'app'
  --watch '.'
  --extensions 'node,js'
  --exec 'node'

Starting child process with 'node app'
Watching directory '/usr/share/nginx/html/myapp' for changes.
Press rs for restarting the process.
Parent process exiting, terminating child...
events.js:141
      throw er; // Unhandled 'error' event
      ^

Error: EBADF: bad file descriptor, read
    at Error (native)

Running node-supervisor with
  program 'app'
  --watch '.'
  --extensions 'node,js'
  --exec 'node'

Starting child process with 'node app'
Watching directory '/usr/share/nginx/html/myapp' for changes.
Press rs for restarting the process.
Parent process exiting, terminating child...
events.js:141
      throw er; // Unhandled 'error' event
      ^

Error: EBADF: bad file descriptor, read
    at Error (native)
{ date: '2017-08-30',
  time: '12:01',
  location: 'c',
  organization: 'a',
  joinNumber: 'b',
  name: 'f',
  feeling: 'g',
  theme: 'd',
  content: 'e',
  other: 'h' }
[0mPOST /residence/words [32m200 [0m68.488 ms - 16[0m
1 document inserted
./public/residence/images/2017-08-30/12:01/a/activity
make directory done
begin to insert pic
Insert an item into the activity array
in main pic
{ fieldname: 'file',
  originalname: 'tmp_235425760o6zAJs0KAQefZQr8sgFrlqIR8yz45afdc8e63a902a7aaf6682be83653584.png',
  encoding: '7bit',
  mimetype: 'image/png',
  destination: './public/residence/images/2017-08-30/12:01/a/activity',
  filename: '2017-08-30_12:01_a_activity_3244',
  path: 'public/residence/images/2017-08-30/12:01/a/activity/2017-08-30_12:01_a_activity_3244',
  size: 134019 }
[0mPOST /residence/pic [32m200 [0m38.261 ms - 16[0m
./public/residence/images/2017-08-30/12:01/a/sheet
make directory done
in main pic
{ fieldname: 'file',
  originalname: 'tmp_235425760o6zAJs0KAQefZQr8sgFrlqIR8yz4d3536c7fb3f88c229b6123c15597e9c8.jpg',
  encoding: '7bit',
  mimetype: 'image/jpeg',
  destination: './public/residence/images/2017-08-30/12:01/a/sheet',
  filename: '2017-08-30_12:01_a_sheet_7408',
  path: 'public/residence/images/2017-08-30/12:01/a/sheet/2017-08-30_12:01_a_sheet_7408',
  size: 10423 }
[0mPOST /residence/pic [32m200 [0m11.155 ms - 16[0m
begin to insert pic
Insert an item into the sheet array
{ date: '2017-08-30',
  time: '12:01',
  location: 'c',
  organization: 'a',
  joinNumber: 'b',
  name: 'f',
  feeling: 'g',
  theme: 'd',
  content: 'e',
  other: 'h' }
[0mPOST /residence/words [32m200 [0m2.747 ms - 16[0m
1 document inserted
./public/residence/images/2017-08-30/12:01/a/activity
make directory done
begin to insert pic
Insert an item into the activity array
in main pic
{ fieldname: 'file',
  originalname: 'tmp_235425760o6zAJs0KAQefZQr8sgFrlqIR8yz45afdc8e63a902a7aaf6682be83653584.png',
  encoding: '7bit',
  mimetype: 'image/png',
  destination: './public/residence/images/2017-08-30/12:01/a/activity',
  filename: '2017-08-30_12:01_a_activity_6943',
  path: 'public/residence/images/2017-08-30/12:01/a/activity/2017-08-30_12:01_a_activity_6943',
  size: 134019 }
[0mPOST /residence/pic [32m200 [0m23.569 ms - 16[0m
./public/residence/images/2017-08-30/12:01/a/sheet
make directory done
in main pic
{ fieldname: 'file',
  originalname: 'tmp_235425760o6zAJs0KAQefZQr8sgFrlqIR8yz4d3536c7fb3f88c229b6123c15597e9c8.jpg',
  encoding: '7bit',
  mimetype: 'image/jpeg',
  destination: './public/residence/images/2017-08-30/12:01/a/sheet',
  filename: '2017-08-30_12:01_a_sheet_5305',
  path: 'public/residence/images/2017-08-30/12:01/a/sheet/2017-08-30_12:01_a_sheet_5305',
  size: 10423 }
[0mPOST /residence/pic [32m200 [0m12.429 ms - 16[0m
begin to insert pic
Insert an item into the sheet array
{ date: '2017-08-30',
  time: '12:01',
  location: 'c',
  organization: 'a',
  joinNumber: 'b',
  name: 'f',
  feeling: 'g',
  theme: 'd',
  content: 'e',
  other: 'h' }
[0mPOST /residence/words [32m200 [0m5.787 ms - 16[0m
1 document inserted
./public/residence/images/2017-08-30/12:01/a/activity
make directory done
begin to insert pic
Insert an item into the activity array
in main pic
{ fieldname: 'file',
  originalname: 'tmp_235425760o6zAJs0KAQefZQr8sgFrlqIR8yz45afdc8e63a902a7aaf6682be83653584.png',
  encoding: '7bit',
  mimetype: 'image/png',
  destination: './public/residence/images/2017-08-30/12:01/a/activity',
  filename: '2017-08-30_12:01_a_activity_4229',
  path: 'public/residence/images/2017-08-30/12:01/a/activity/2017-08-30_12:01_a_activity_4229',
  size: 134019 }
[0mPOST /residence/pic [32m200 [0m17.356 ms - 16[0m
./public/residence/images/2017-08-30/12:01/a/sheet
make directory done
in main pic
{ fieldname: 'file',
  originalname: 'tmp_235425760o6zAJs0KAQefZQr8sgFrlqIR8yz4d3536c7fb3f88c229b6123c15597e9c8.jpg',
  encoding: '7bit',
  mimetype: 'image/jpeg',
  destination: './public/residence/images/2017-08-30/12:01/a/sheet',
  filename: '2017-08-30_12:01_a_sheet_8104',
  path: 'public/residence/images/2017-08-30/12:01/a/sheet/2017-08-30_12:01_a_sheet_8104',
  size: 10423 }
[0mPOST /residence/pic [32m200 [0m8.374 ms - 16[0m
begin to insert pic
Insert an item into the sheet array
